Arguments: 
  C:\Program Files\nodejs\node.exe C:\Program Files (x86)\Yarn\bin\yarn.js start

PATH: 
  C:\Users\Nate\bin;C:\Program Files\Git\mingw64\bin;C:\Program Files\Git\usr\local\bin;C:\Program Files\Git\usr\bin;C:\Program Files\Git\usr\bin;C:\Program Files\Git\mingw64\bin;C:\Program Files\Git\usr\bin;C:\Users\Nate\bin;C:\Users\Nate\AppData\Local\Programs\Python\Python35-32\Lib\site-packages\PyQt5;C:\Python27;C:\ProgramData\Oracle\Java\javapath;C:\Program Files (x86)\Git\bin;C:\Program Files\PuTTY;C:\Program Files\Git\cmd;C;C:\Python35;C:\Program Files\nodejs;C:\Program Files (x86)\Yarn\bin;C:\Users\Nate\AppData\Local\Programs\MiKTeX 2.9\miktex\bin\x64;C:\Program Files\Microsoft VS Code\bin;C:\Users\Nate\AppData\Local\atom\bin;C:\Users\Nate\AppData\Local\GitHubDesktop\bin;C:\Python35;C:\Users\Nate\AppData\Roaming\npm;C:\Users\Nate\AppData\Local\Yarn\bin;C:\Program Files\Git\usr\bin\vendor_perl;C:\Program Files\Git\usr\bin\core_perl

Yarn version: 
  1.5.1

Node version: 
  8.11.1

Platform: 
  win32 x64

npm manifest: 
  No manifest

yarn manifest: 
  No manifest

Lockfile: 
  No lockfile

Trace: 
  Error: Couldn't find a package.json file in "C:\\Users\\Nate\\Documents\\GitHub\\LilLex"
      at new MessageError (C:\Program Files (x86)\Yarn\lib\cli.js:186:110)
      at C:\Program Files (x86)\Yarn\lib\cli.js:40048:15
      at Generator.next (<anonymous>)
      at step (C:\Program Files (x86)\Yarn\lib\cli.js:98:30)
      at C:\Program Files (x86)\Yarn\lib\cli.js:109:13
      at <anonymous>
